17:09:31,813 [Worker-1] INFO com.iar.cdt.generic.toolchain.info.SdkToolchainInfo  - Using toolchain at C:\Program Files (x86)\IAR Systems\Embedded Workbench 8.0\arm\bin, version 8.11.2.13589
17:09:31,845 [Worker-1] INFO com.iar.cdt.arm.toolchain.tables.ArmCoreFpuRegistry  - Enabling Cortex-*F workaround (ECL-1993) for EWARM 8.11.2
17:17:58,270 [Worker-15] ERROR com.iar.cdt.generic.toolchain  - Cannot gather predefined include paths (The compiler exited with error code 1. The output was:
$$TOOL_BEGIN $$VERSION "4" $$MSG_BEGIN $$MSG_POS "0" "0" "0" "0" $$TYPE "2" $$TXT_BEGIN "\n" $$TOOL_END 
$$TOOL_BEGIN $$VERSION "4" $$MSG_BEGIN $$MSG_POS "0" "0" "0" "0" $$TYPE "2" $$TXT_BEGIN "   IAR ANSI C/C++ Compiler V8.11.2.13589/W32 for ARM\n" $$TOOL_END 
$$TOOL_BEGIN $$VERSION "4" $$MSG_BEGIN $$MSG_POS "0" "0" "0" "0" $$TYPE "2" $$TXT_BEGIN "   Copyright 1999-2017 IAR Systems AB.\n" $$TOOL_END 
$$TOOL_BEGIN $$VERSION "4" $$MSG_BEGIN $$MSG_POS "0" "0" "0" "0" $$TYPE "2" $$TXT_BEGIN "   \n" $$TOOL_END 
$$TOOL_BEGIN $$VERSION "4" $$INC_BEGIN $$FILEPATH "C:\\Program Files (x86)\\IAR Systems\\Embedded Workbench 8.0\\arm\\inc" $$TOOL_END 
$$TOOL_BEGIN $$VERSION "4" $$INC_BEGIN $$FILEPATH "C:\\Program Files (x86)\\IAR Systems\\Embedded Workbench 8.0\\arm\\inc\\c" $$TOOL_END 
$$TOOL_BEGIN $$VERSION "4" $$MSG_BEGIN $$MSG_POS "0" "0" "0" "0" $$TYPE "10" $$TAG "Su013" $$TXT_BEGIN "The use of this option is deprecated: --interwork\n" $$TOOL_END 
$$TOOL_BEGIN $$VERSION "4" $$DEP_BEGIN $$FILEPATH "C:\\Users\\LG\\AppData\\Local\\Temp\\iar_toolchainInfo6117375678967281002.c" $$TOOL_END 
$$TOOL_BEGIN $$VERSION "4" $$MSG_BEGIN $$MSG_POS "0" "0" "0" "0" $$TYPE "2" $$TXT_BEGIN "\n" $$TOOL_END 
$$TOOL_BEGIN $$VERSION "4" $$MSG_BEGIN $$MSG_POS "0" "0" "0" "0" $$TYPE "2" $$TXT_BEGIN "Errors: none\n" $$TOOL_END 
$$TOOL_BEGIN $$VERSION "4" $$MSG_BEGIN $$MSG_POS "0" "0" "0" "0" $$TYPE "2" $$TXT_BEGIN "Warnings: 1\n" $$TOOL_END 
 $$TOOL_EXIT

)
17:17:58,285 [Worker-16] ERROR com.iar.cdt.generic.toolchain  - Cannot gather predefined include paths (The compiler exited with error code 1. The output was:
$$TOOL_BEGIN $$VERSION "4" $$MSG_BEGIN $$MSG_POS "0" "0" "0" "0" $$TYPE "2" $$TXT_BEGIN "\n" $$TOOL_END 
$$TOOL_BEGIN $$VERSION "4" $$MSG_BEGIN $$MSG_POS "0" "0" "0" "0" $$TYPE "2" $$TXT_BEGIN "   IAR ANSI C/C++ Compiler V8.11.2.13589/W32 for ARM\n" $$TOOL_END 
$$TOOL_BEGIN $$VERSION "4" $$MSG_BEGIN $$MSG_POS "0" "0" "0" "0" $$TYPE "2" $$TXT_BEGIN "   Copyright 1999-2017 IAR Systems AB.\n" $$TOOL_END 
$$TOOL_BEGIN $$VERSION "4" $$MSG_BEGIN $$MSG_POS "0" "0" "0" "0" $$TYPE "2" $$TXT_BEGIN "   \n" $$TOOL_END 
$$TOOL_BEGIN $$VERSION "4" $$INC_BEGIN $$FILEPATH "C:\\Program Files (x86)\\IAR Systems\\Embedded Workbench 8.0\\arm\\inc" $$TOOL_END 
$$TOOL_BEGIN $$VERSION "4" $$INC_BEGIN $$FILEPATH "C:\\Program Files (x86)\\IAR Systems\\Embedded Workbench 8.0\\arm\\inc\\c" $$TOOL_END 
$$TOOL_BEGIN $$VERSION "4" $$MSG_BEGIN $$MSG_POS "0" "0" "0" "0" $$TYPE "10" $$TAG "Su013" $$TXT_BEGIN "The use of this option is deprecated: --interwork\n" $$TOOL_END 
$$TOOL_BEGIN $$VERSION "4" $$DEP_BEGIN $$FILEPATH "C:\\Users\\LG\\AppData\\Local\\Temp\\iar_toolchainInfo9010416635285592005.c" $$TOOL_END 
$$TOOL_BEGIN $$VERSION "4" $$MSG_BEGIN $$MSG_POS "0" "0" "0" "0" $$TYPE "2" $$TXT_BEGIN "\n" $$TOOL_END 
$$TOOL_BEGIN $$VERSION "4" $$MSG_BEGIN $$MSG_POS "0" "0" "0" "0" $$TYPE "2" $$TXT_BEGIN "Errors: none\n" $$TOOL_END 
$$TOOL_BEGIN $$VERSION "4" $$MSG_BEGIN $$MSG_POS "0" "0" "0" "0" $$TYPE "2" $$TXT_BEGIN "Warnings: 1\n" $$TOOL_END 
 $$TOOL_EXIT

)
17:17:58,285 [Worker-5] ERROR com.iar.cdt.generic.toolchain  - Cannot gather predefined include paths (The compiler exited with error code 1. The output was:
$$TOOL_BEGIN $$VERSION "4" $$MSG_BEGIN $$MSG_POS "0" "0" "0" "0" $$TYPE "2" $$TXT_BEGIN "\n" $$TOOL_END 
$$TOOL_BEGIN $$VERSION "4" $$MSG_BEGIN $$MSG_POS "0" "0" "0" "0" $$TYPE "2" $$TXT_BEGIN "   IAR ANSI C/C++ Compiler V8.11.2.13589/W32 for ARM\n" $$TOOL_END 
$$TOOL_BEGIN $$VERSION "4" $$MSG_BEGIN $$MSG_POS "0" "0" "0" "0" $$TYPE "2" $$TXT_BEGIN "   Copyright 1999-2017 IAR Systems AB.\n" $$TOOL_END 
$$TOOL_BEGIN $$VERSION "4" $$MSG_BEGIN $$MSG_POS "0" "0" "0" "0" $$TYPE "2" $$TXT_BEGIN "   \n" $$TOOL_END 
$$TOOL_BEGIN $$VERSION "4" $$INC_BEGIN $$FILEPATH "C:\\Program Files (x86)\\IAR Systems\\Embedded Workbench 8.0\\arm\\inc" $$TOOL_END 
$$TOOL_BEGIN $$VERSION "4" $$INC_BEGIN $$FILEPATH "C:\\Program Files (x86)\\IAR Systems\\Embedded Workbench 8.0\\arm\\inc\\c" $$TOOL_END 
$$TOOL_BEGIN $$VERSION "4" $$MSG_BEGIN $$MSG_POS "0" "0" "0" "0" $$TYPE "10" $$TAG "Su013" $$TXT_BEGIN "The use of this option is deprecated: --interwork\n" $$TOOL_END 
$$TOOL_BEGIN $$VERSION "4" $$DEP_BEGIN $$FILEPATH "C:\\Users\\LG\\AppData\\Local\\Temp\\iar_toolchainInfo6594602901975080546.c" $$TOOL_END 
$$TOOL_BEGIN $$VERSION "4" $$MSG_BEGIN $$MSG_POS "0" "0" "0" "0" $$TYPE "2" $$TXT_BEGIN "\n" $$TOOL_END 
$$TOOL_BEGIN $$VERSION "4" $$MSG_BEGIN $$MSG_POS "0" "0" "0" "0" $$TYPE "2" $$TXT_BEGIN "Errors: none\n" $$TOOL_END 
$$TOOL_BEGIN $$VERSION "4" $$MSG_BEGIN $$MSG_POS "0" "0" "0" "0" $$TYPE "2" $$TXT_BEGIN "Warnings: 1\n" $$TOOL_END 
 $$TOOL_EXIT

)
